This is pdfTeX, Version 3.1415926-2.5-1.40.14 (TeX Live 2013/Debian) (format=pdflatex 2016.2.13)  8 MAY 2016 04:34
entering extended mode
 restricted \write18 enabled.
 %&-line parsing enabled.
**Project3.tex
(./Project3.tex
LaTeX2e <2011/06/27>
Babel <3.9h> and hyphenation patterns for 78 languages loaded.
(/usr/share/texlive/texmf-dist/tex/latex/base/article.cls
Document Class: article 2007/10/19 v1.4h Standard LaTeX document class
(/usr/share/texlive/texmf-dist/tex/latex/base/size11.clo
File: size11.clo 2007/10/19 v1.4h Standard LaTeX file (size option)
)
\c@part=\count79
\c@section=\count80
\c@subsection=\count81
\c@subsubsection=\count82
\c@paragraph=\count83
\c@subparagraph=\count84
\c@figure=\count85
\c@table=\count86
\abovecaptionskip=\skip41
\belowcaptionskip=\skip42
\bibindent=\dimen102
)
(/usr/share/texlive/texmf-dist/tex/latex/tools/verbatim.sty
Package: verbatim 2003/08/22 v1.5q LaTeX2e package for verbatim enhancements
\every@verbatim=\toks14
\verbatim@line=\toks15
\verbatim@in@stream=\read1
)
(/usr/share/texlive/texmf-dist/tex/latex/listings/listings.sty
(/usr/share/texlive/texmf-dist/tex/latex/graphics/keyval.sty
Package: keyval 1999/03/16 v1.13 key=value parser (DPC)
\KV@toks@=\toks16
)
\lst@mode=\count87
\lst@gtempboxa=\box26
\lst@token=\toks17
\lst@length=\count88
\lst@currlwidth=\dimen103
\lst@column=\count89
\lst@pos=\count90
\lst@lostspace=\dimen104
\lst@width=\dimen105
\lst@newlines=\count91
\lst@lineno=\count92
\lst@maxwidth=\dimen106

(/usr/share/texlive/texmf-dist/tex/latex/listings/lstmisc.sty
File: lstmisc.sty 2013/08/26 1.5b (Carsten Heinz)
\c@lstnumber=\count93
\lst@skipnumbers=\count94
\lst@framebox=\box27
)
(/usr/share/texlive/texmf-dist/tex/latex/listings/listings.cfg
File: listings.cfg 2013/08/26 1.5b listings configuration
))
Package: listings 2013/08/26 1.5b (Carsten Heinz)

(/usr/share/texlive/texmf-dist/tex/latex/graphics/graphicx.sty
Package: graphicx 1999/02/16 v1.0f Enhanced LaTeX Graphics (DPC,SPQR)

(/usr/share/texlive/texmf-dist/tex/latex/graphics/graphics.sty
Package: graphics 2009/02/05 v1.0o Standard LaTeX Graphics (DPC,SPQR)

(/usr/share/texlive/texmf-dist/tex/latex/graphics/trig.sty
Package: trig 1999/03/16 v1.09 sin cos tan (DPC)
)
(/usr/share/texlive/texmf-dist/tex/latex/latexconfig/graphics.cfg
File: graphics.cfg 2010/04/23 v1.9 graphics configuration of TeX Live
)
Package graphics Info: Driver file: pdftex.def on input line 91.

(/usr/share/texlive/texmf-dist/tex/latex/pdftex-def/pdftex.def
File: pdftex.def 2011/05/27 v0.06d Graphics/color for pdfTeX

(/usr/share/texlive/texmf-dist/tex/generic/oberdiek/infwarerr.sty
Package: infwarerr 2010/04/08 v1.3 Providing info/warning/error messages (HO)
)
(/usr/share/texlive/texmf-dist/tex/generic/oberdiek/ltxcmds.sty
Package: ltxcmds 2011/11/09 v1.22 LaTeX kernel commands for general use (HO)
)
\Gread@gobject=\count95
))
\Gin@req@height=\dimen107
\Gin@req@width=\dimen108
)
(/usr/share/texlive/texmf-dist/tex/latex/caption/subcaption.sty
Package: subcaption 2013/02/03 v1.1-62 Sub-captions (AR)

(/usr/share/texlive/texmf-dist/tex/latex/caption/caption.sty
Package: caption 2013/05/02 v3.3-89 Customizing captions (AR)

(/usr/share/texlive/texmf-dist/tex/latex/caption/caption3.sty
Package: caption3 2013/05/02 v1.6-88 caption3 kernel (AR)
Package caption3 Info: TeX engine: e-TeX on input line 57.
\captionmargin=\dimen109
\captionmargin@=\dimen110
\captionwidth=\dimen111
\caption@tempdima=\dimen112
\caption@indent=\dimen113
\caption@parindent=\dimen114
\caption@hangindent=\dimen115
)
\c@ContinuedFloat=\count96
Package caption Info: listings package is loaded.
)
\c@subfigure=\count97
\c@subtable=\count98
)
(/usr/share/texlive/texmf-dist/tex/latex/a4wide/a4wide.sty
Package: a4wide 1994/08/30

(/usr/share/texlive/texmf-dist/tex/latex/ntgclass/a4.sty
Package: a4 2004/04/15 v1.2g A4 based page layout
))
(/usr/share/texlive/texmf-dist/tex/latex/graphics/color.sty
Package: color 2005/11/14 v1.0j Standard LaTeX Color (DPC)

(/usr/share/texlive/texmf-dist/tex/latex/latexconfig/color.cfg
File: color.cfg 2007/01/18 v1.5 color configuration of teTeX/TeXLive
)
Package color Info: Driver file: pdftex.def on input line 130.
)
(/usr/share/texlive/texmf-dist/tex/latex/amsmath/amsmath.sty
Package: amsmath 2013/01/14 v2.14 AMS math features
\@mathmargin=\skip43

For additional information on amsmath, use the `?' option.
(/usr/share/texlive/texmf-dist/tex/latex/amsmath/amstext.sty
Package: amstext 2000/06/29 v2.01

(/usr/share/texlive/texmf-dist/tex/latex/amsmath/amsgen.sty
File: amsgen.sty 1999/11/30 v2.0
\@emptytoks=\toks18
\ex@=\dimen116
))
(/usr/share/texlive/texmf-dist/tex/latex/amsmath/amsbsy.sty
Package: amsbsy 1999/11/29 v1.2d
\pmbraise@=\dimen117
)
(/usr/share/texlive/texmf-dist/tex/latex/amsmath/amsopn.sty
Package: amsopn 1999/12/14 v2.01 operator names
)
\inf@bad=\count99
LaTeX Info: Redefining \frac on input line 210.
\uproot@=\count100
\leftroot@=\count101
LaTeX Info: Redefining \overline on input line 306.
\classnum@=\count102
\DOTSCASE@=\count103
LaTeX Info: Redefining \ldots on input line 378.
LaTeX Info: Redefining \dots on input line 381.
LaTeX Info: Redefining \cdots on input line 466.
\Mathstrutbox@=\box28
\strutbox@=\box29
\big@size=\dimen118
LaTeX Font Info:    Redeclaring font encoding OML on input line 566.
LaTeX Font Info:    Redeclaring font encoding OMS on input line 567.
\macc@depth=\count104
\c@MaxMatrixCols=\count105
\dotsspace@=\muskip10
\c@parentequation=\count106
\dspbrk@lvl=\count107
\tag@help=\toks19
\row@=\count108
\column@=\count109
\maxfields@=\count110
\andhelp@=\toks20
\eqnshift@=\dimen119
\alignsep@=\dimen120
\tagshift@=\dimen121
\tagwidth@=\dimen122
\totwidth@=\dimen123
\lineht@=\dimen124
\@envbody=\toks21
\multlinegap=\skip44
\multlinetaggap=\skip45
\mathdisplay@stack=\toks22
LaTeX Info: Redefining \[ on input line 2665.
LaTeX Info: Redefining \] on input line 2666.
)
(/usr/share/texlive/texmf-dist/tex/latex/amsfonts/amssymb.sty
Package: amssymb 2013/01/14 v3.01 AMS font symbols

(/usr/share/texlive/texmf-dist/tex/latex/amsfonts/amsfonts.sty
Package: amsfonts 2013/01/14 v3.01 Basic AMSFonts support
\symAMSa=\mathgroup4
\symAMSb=\mathgroup5
LaTeX Font Info:    Overwriting math alphabet `\mathfrak' in version `bold'
(Font)                  U/euf/m/n --> U/euf/b/n on input line 106.
))
(/usr/share/texlive/texmf-dist/tex/latex/graphics/epsfig.sty
Package: epsfig 1999/02/16 v1.7a (e)psfig emulation (SPQR)
\epsfxsize=\dimen125
\epsfysize=\dimen126
)
(/usr/share/texlive/texmf-dist/tex/latex/base/fontenc.sty
Package: fontenc 2005/09/27 v1.99g Standard LaTeX package

(/usr/share/texlive/texmf-dist/tex/latex/base/t1enc.def
File: t1enc.def 2005/09/27 v1.99g Standard LaTeX file
LaTeX Font Info:    Redeclaring font encoding T1 on input line 43.
))
(/usr/share/texlive/texmf-dist/tex/latex/cite/cite.sty
LaTeX Info: Redefining \cite on input line 302.
LaTeX Info: Redefining \nocite on input line 373.
Package: cite 2010/09/10  v 5.3
)
(/usr/share/texlive/texmf-dist/tex/latex/shadow/shadow.sty
Package: shadow 2003/02/19 v1.3 shadow boxes (M.O.)
\txtwdth=\dimen127
\sht=\dimen128
\shw=\dimen129
\shbox=\box30
\sboxsep=\dimen130
\sboxrule=\dimen131
\sdim=\dimen132
)
(/usr/share/texlive/texmf-dist/tex/latex/hyperref/hyperref.sty
Package: hyperref 2012/11/06 v6.83m Hypertext links for LaTeX

(/usr/share/texlive/texmf-dist/tex/generic/oberdiek/hobsub-hyperref.sty
Package: hobsub-hyperref 2012/05/28 v1.13 Bundle oberdiek, subset hyperref (HO)


(/usr/share/texlive/texmf-dist/tex/generic/oberdiek/hobsub-generic.sty
Package: hobsub-generic 2012/05/28 v1.13 Bundle oberdiek, subset generic (HO)
Package: hobsub 2012/05/28 v1.13 Construct package bundles (HO)
Package hobsub Info: Skipping package `infwarerr' (already loaded).
Package hobsub Info: Skipping package `ltxcmds' (already loaded).
Package: ifluatex 2010/03/01 v1.3 Provides the ifluatex switch (HO)
Package ifluatex Info: LuaTeX not detected.
Package: ifvtex 2010/03/01 v1.5 Detect VTeX and its facilities (HO)
Package ifvtex Info: VTeX not detected.
Package: intcalc 2007/09/27 v1.1 Expandable calculations with integers (HO)
Package: ifpdf 2011/01/30 v2.3 Provides the ifpdf switch (HO)
Package ifpdf Info: pdfTeX in PDF mode is detected.
Package: etexcmds 2011/02/16 v1.5 Avoid name clashes with e-TeX commands (HO)
Package etexcmds Info: Could not find \expanded.
(etexcmds)             That can mean that you are not using pdfTeX 1.50 or
(etexcmds)             that some package has redefined \expanded.
(etexcmds)             In the latter case, load this package earlier.
Package: kvsetkeys 2012/04/25 v1.16 Key value parser (HO)
Package: kvdefinekeys 2011/04/07 v1.3 Define keys (HO)
Package: pdftexcmds 2011/11/29 v0.20 Utility functions of pdfTeX for LuaTeX (HO
)
Package pdftexcmds Info: LuaTeX not detected.
Package pdftexcmds Info: \pdf@primitive is available.
Package pdftexcmds Info: \pdf@ifprimitive is available.
Package pdftexcmds Info: \pdfdraftmode found.
Package: pdfescape 2011/11/25 v1.13 Implements pdfTeX's escape features (HO)
Package: bigintcalc 2012/04/08 v1.3 Expandable calculations on big integers (HO
)
Package: bitset 2011/01/30 v1.1 Handle bit-vector datatype (HO)
Package: uniquecounter 2011/01/30 v1.2 Provide unlimited unique counter (HO)
)
Package hobsub Info: Skipping package `hobsub' (already loaded).
Package: letltxmacro 2010/09/02 v1.4 Let assignment for LaTeX macros (HO)
Package: hopatch 2012/05/28 v1.2 Wrapper for package hooks (HO)
Package: xcolor-patch 2011/01/30 xcolor patch
Package: atveryend 2011/06/30 v1.8 Hooks at the very end of document (HO)
Package atveryend Info: \enddocument detected (standard20110627).
Package: atbegshi 2011/10/05 v1.16 At begin shipout hook (HO)
Package: refcount 2011/10/16 v3.4 Data extraction from label references (HO)
Package: hycolor 2011/01/30 v1.7 Color options for hyperref/bookmark (HO)
)
(/usr/share/texlive/texmf-dist/tex/generic/ifxetex/ifxetex.sty
Package: ifxetex 2010/09/12 v0.6 Provides ifxetex conditional
)
(/usr/share/texlive/texmf-dist/tex/latex/oberdiek/auxhook.sty
Package: auxhook 2011/03/04 v1.3 Hooks for auxiliary files (HO)
)
(/usr/share/texlive/texmf-dist/tex/latex/oberdiek/kvoptions.sty
Package: kvoptions 2011/06/30 v3.11 Key value format for package options (HO)
)
\@linkdim=\dimen133
\Hy@linkcounter=\count111
\Hy@pagecounter=\count112

(/usr/share/texlive/texmf-dist/tex/latex/hyperref/pd1enc.def
File: pd1enc.def 2012/11/06 v6.83m Hyperref: PDFDocEncoding definition (HO)
)
\Hy@SavedSpaceFactor=\count113

(/usr/share/texlive/texmf-dist/tex/latex/latexconfig/hyperref.cfg
File: hyperref.cfg 2002/06/06 v1.2 hyperref configuration of TeXLive
)
Package hyperref Info: Hyper figures OFF on input line 4443.
Package hyperref Info: Link nesting OFF on input line 4448.
Package hyperref Info: Hyper index ON on input line 4451.
Package hyperref Info: Plain pages OFF on input line 4458.
Package hyperref Info: Backreferencing OFF on input line 4463.
Package hyperref Info: Implicit mode ON; LaTeX internals redefined.
Package hyperref Info: Bookmarks ON on input line 4688.
\c@Hy@tempcnt=\count114

(/usr/share/texlive/texmf-dist/tex/latex/url/url.sty
\Urlmuskip=\muskip11
Package: url 2013/09/16  ver 3.4  Verb mode for urls, etc.
)
LaTeX Info: Redefining \url on input line 5041.
\XeTeXLinkMargin=\dimen134
\Fld@menulength=\count115
\Field@Width=\dimen135
\Fld@charsize=\dimen136
Package hyperref Info: Hyper figures OFF on input line 6295.
Package hyperref Info: Link nesting OFF on input line 6300.
Package hyperref Info: Hyper index ON on input line 6303.
Package hyperref Info: backreferencing OFF on input line 6310.
Package hyperref Info: Link coloring OFF on input line 6315.
Package hyperref Info: Link coloring with OCG OFF on input line 6320.
Package hyperref Info: PDF/A mode OFF on input line 6325.
LaTeX Info: Redefining \ref on input line 6365.
LaTeX Info: Redefining \pageref on input line 6369.
\Hy@abspage=\count116
\c@Item=\count117
\c@Hfootnote=\count118
)

Package hyperref Message: Driver (autodetected): hpdftex.

(/usr/share/texlive/texmf-dist/tex/latex/hyperref/hpdftex.def
File: hpdftex.def 2012/11/06 v6.83m Hyperref driver for pdfTeX
\Fld@listcount=\count119
\c@bookmark@seq@number=\count120

(/usr/share/texlive/texmf-dist/tex/latex/oberdiek/rerunfilecheck.sty
Package: rerunfilecheck 2011/04/15 v1.7 Rerun checks for auxiliary files (HO)
Package uniquecounter Info: New unique counter `rerunfilecheck' on input line 2
82.
)
\Hy@SectionHShift=\skip46
)
(/usr/share/texlive/texmf-dist/tex/generic/babel/babel.sty
Package: babel 2013/12/03 3.9h The Babel package

(/usr/share/texlive/texmf-dist/tex/generic/babel-english/english.ldf
Language: english 2012/08/20 v3.3p English support from the babel system

(/usr/share/texlive/texmf-dist/tex/generic/babel/babel.def
File: babel.def 2013/12/03 3.9h Babel common definitions
\babel@savecnt=\count121
\U@D=\dimen137
)
\l@canadian = a dialect from \language\l@american 
\l@australian = a dialect from \language\l@british 
\l@newzealand = a dialect from \language\l@british 
))
(/usr/share/texlive/texmf-dist/tex/latex/float/float.sty
Package: float 2001/11/08 v1.3d Float enhancements (AL)
\c@float@type=\count122
\float@exts=\toks23
\float@box=\box31
\@float@everytoks=\toks24
\@floatcapt=\box32
)
(/usr/share/texlive/texmf-dist/tex/latex/import/import.sty
Package: import 2009/03/23  v 5.1
)
(/usr/share/texlive/texmf-dist/tex/latex/tools/array.sty
Package: array 2008/09/09 v2.4c Tabular extension package (FMi)
\col@sep=\dimen138
\extrarowheight=\dimen139
\NC@list=\toks25
\extratabsurround=\skip47
\backup@length=\skip48
)
Package color Info: Redefining color blue on input line 25.


LaTeX Warning: Unused global option(s):
    [a4wide].

(./Project3.aux

LaTeX Warning: Label `fig7:a' multiply defined.


LaTeX Warning: Label `sub@fig7:a' multiply defined.


LaTeX Warning: Label `fig7:b' multiply defined.


LaTeX Warning: Label `sub@fig7:b' multiply defined.


LaTeX Warning: Label `fig7:c' multiply defined.


LaTeX Warning: Label `sub@fig7:c' multiply defined.


LaTeX Warning: Label `fig7:a' multiply defined.


LaTeX Warning: Label `sub@fig7:a' multiply defined.


LaTeX Warning: Label `fig7:b' multiply defined.


LaTeX Warning: Label `sub@fig7:b' multiply defined.


LaTeX Warning: Label `fig7:c' multiply defined.


LaTeX Warning: Label `sub@fig7:c' multiply defined.


LaTeX Warning: Label `fig7:d' multiply defined.


LaTeX Warning: Label `sub@fig7:d' multiply defined.


LaTeX Warning: Label `fig7:a' multiply defined.


LaTeX Warning: Label `sub@fig7:a' multiply defined.


LaTeX Warning: Label `fig7:b' multiply defined.


LaTeX Warning: Label `sub@fig7:b' multiply defined.


LaTeX Warning: Label `fig7:c' multiply defined.


LaTeX Warning: Label `sub@fig7:c' multiply defined.


LaTeX Warning: Label `fig7:a' multiply defined.


LaTeX Warning: Label `sub@fig7:a' multiply defined.


LaTeX Warning: Label `fig7:b' multiply defined.


LaTeX Warning: Label `sub@fig7:b' multiply defined.


LaTeX Warning: Label `fig7:c' multiply defined.


LaTeX Warning: Label `sub@fig7:c' multiply defined.


LaTeX Warning: Label `fig7:a' multiply defined.


LaTeX Warning: Label `sub@fig7:a' multiply defined.


LaTeX Warning: Label `fig7:b' multiply defined.


LaTeX Warning: Label `sub@fig7:b' multiply defined.


LaTeX Warning: Label `fig7:c' multiply defined.


LaTeX Warning: Label `sub@fig7:c' multiply defined.

)
\openout1 = `Project3.aux'.

LaTeX Font Info:    Checking defaults for OML/cmm/m/it on input line 54.
LaTeX Font Info:    ... okay on input line 54.
LaTeX Font Info:    Checking defaults for T1/cmr/m/n on input line 54.
LaTeX Font Info:    ... okay on input line 54.
LaTeX Font Info:    Checking defaults for OT1/cmr/m/n on input line 54.
LaTeX Font Info:    ... okay on input line 54.
LaTeX Font Info:    Checking defaults for OMS/cmsy/m/n on input line 54.
LaTeX Font Info:    ... okay on input line 54.
LaTeX Font Info:    Checking defaults for OMX/cmex/m/n on input line 54.
LaTeX Font Info:    ... okay on input line 54.
LaTeX Font Info:    Checking defaults for U/cmr/m/n on input line 54.
LaTeX Font Info:    ... okay on input line 54.
LaTeX Font Info:    Checking defaults for PD1/pdf/m/n on input line 54.
LaTeX Font Info:    ... okay on input line 54.
\c@lstlisting=\count123
 (/usr/share/texlive/texmf-dist/tex/context/base/supp-pdf.mkii
[Loading MPS to PDF converter (version 2006.09.02).]
\scratchcounter=\count124
\scratchdimen=\dimen140
\scratchbox=\box33
\nofMPsegments=\count125
\nofMParguments=\count126
\everyMPshowfont=\toks26
\MPscratchCnt=\count127
\MPscratchDim=\dimen141
\MPnumerator=\count128
\makeMPintoPDFobject=\count129
\everyMPtoPDFconversion=\toks27
) (/usr/share/texlive/texmf-dist/tex/latex/oberdiek/epstopdf-base.sty
Package: epstopdf-base 2010/02/09 v2.5 Base part for package epstopdf

(/usr/share/texlive/texmf-dist/tex/latex/oberdiek/grfext.sty
Package: grfext 2010/08/19 v1.1 Manage graphics extensions (HO)
)
Package grfext Info: Graphics extension search list:
(grfext)             [.png,.pdf,.jpg,.mps,.jpeg,.jbig2,.jb2,.PNG,.PDF,.JPG,.JPE
G,.JBIG2,.JB2,.eps]
(grfext)             \AppendGraphicsExtensions on input line 452.

(/usr/share/texlive/texmf-dist/tex/latex/latexconfig/epstopdf-sys.cfg
File: epstopdf-sys.cfg 2010/07/13 v1.3 Configuration of (r)epstopdf for TeX Liv
e
))
Package caption Info: Begin \AtBeginDocument code.
Package caption Info: float package is loaded.
Package caption Info: hyperref package is loaded.
Package caption Info: End \AtBeginDocument code.
\AtBeginShipoutBox=\box34
Package hyperref Info: Link coloring OFF on input line 54.

(/usr/share/texlive/texmf-dist/tex/latex/hyperref/nameref.sty
Package: nameref 2012/10/27 v2.43 Cross-referencing by name of section

(/usr/share/texlive/texmf-dist/tex/generic/oberdiek/gettitlestring.sty
Package: gettitlestring 2010/12/03 v1.4 Cleanup title references (HO)
)
\c@section@level=\count130
)
LaTeX Info: Redefining \ref on input line 54.
LaTeX Info: Redefining \pageref on input line 54.
LaTeX Info: Redefining \nameref on input line 54.

(./Project3.out) (./Project3.out)
\@outlinefile=\write3
\openout3 = `Project3.out'.

LaTeX Font Info:    Try loading font information for U+msa on input line 60.

(/usr/share/texlive/texmf-dist/tex/latex/amsfonts/umsa.fd
File: umsa.fd 2013/01/14 v3.01 AMS symbols A
)
LaTeX Font Info:    Try loading font information for U+msb on input line 60.

(/usr/share/texlive/texmf-dist/tex/latex/amsfonts/umsb.fd
File: umsb.fd 2013/01/14 v3.01 AMS symbols B
) [1

{/var/lib/texmf/fonts/map/pdftex/updmap/pdftex.map}] [2] [3]
(/usr/share/texlive/texmf-dist/tex/latex/listings/lstlang1.sty
File: lstlang1.sty 2013/08/26 1.5b listings language file
)
(/usr/share/texlive/texmf-dist/tex/latex/listings/lstlang1.sty
File: lstlang1.sty 2013/08/26 1.5b listings language file
)
(/usr/share/texlive/texmf-dist/tex/latex/listings/lstmisc.sty
File: lstmisc.sty 2013/08/26 1.5b (Carsten Heinz)
)
(/home/quetzalcoatl/Computational_Physics_work/Project3/Code/solver.cpp
[4]
LaTeX Font Info:    Try loading font information for OMS+cmr on input line 59.
 (/usr/share/texlive/texmf-dist/tex/latex/base/omscmr.fd
File: omscmr.fd 1999/05/25 v2.5h Standard LaTeX font definitions
)
LaTeX Font Info:    Font shape `OMS/cmr/m/n' in size <9> not available
(Font)              Font shape `OMS/cmsy/m/n' tried instead on input line 59.
 [5]) [6]
<RK4.png, id=235, 732.7375pt x 559.08875pt>
File: RK4.png Graphic file (type png)
 <use RK4.png>
Package pdftex.def Info: RK4.png used on input line 237.
(pdftex.def)             Requested size: 284.52756pt x 217.09679pt.
 [7]
(/home/quetzalcoatl/Computational_Physics_work/Project3/Code/solver.cpp
[8 <./RK4.png>] [9] [10] [11]) [12] <200.png, id=492, 578.16pt x 433.62pt>
File: 200.png Graphic file (type png)

<use 200.png>
Package pdftex.def Info: 200.png used on input line 287.
(pdftex.def)             Requested size: 199.16928pt x 149.3741pt.
 <500.png, id=494, 578.16pt x 433.62pt>
File: 500.png Graphic file (type png)
 <use 500.png>
Package pdftex.def Info: 500.png used on input line 294.
(pdftex.def)             Requested size: 199.16928pt x 149.3741pt.

<1000.png, id=495, 578.16pt x 433.62pt>
File: 1000.png Graphic file (type png)
 <use 1000.png>
Package pdftex.def Info: 1000.png used on input line 301.
(pdftex.def)             Requested size: 199.16928pt x 149.3741pt.

<2000.png, id=496, 578.16pt x 433.62pt>
File: 2000.png Graphic file (type png)
 <use 2000.png>
Package pdftex.def Info: 2000.png used on input line 308.
(pdftex.def)             Requested size: 199.16928pt x 149.3741pt.
 [13]
<E200.png, id=503, 578.16pt x 433.62pt>
File: E200.png Graphic file (type png)
 <use E200.png>
Package pdftex.def Info: E200.png used on input line 323.
(pdftex.def)             Requested size: 199.16928pt x 149.3741pt.

<E500.png, id=504, 578.16pt x 433.62pt>
File: E500.png Graphic file (type png)
 <use E500.png>
Package pdftex.def Info: E500.png used on input line 330.
(pdftex.def)             Requested size: 199.16928pt x 149.3741pt.

<EE3.png, id=505, 578.16pt x 433.62pt>
File: EE3.png Graphic file (type png)
 <use EE3.png>
Package pdftex.def Info: EE3.png used on input line 337.
(pdftex.def)             Requested size: 199.16928pt x 149.3741pt.
 [14 <./200.png> <./500.png> <./1000.png> <./2000.png>] <Ellipse.png, id=515, 5
78.16pt x 433.62pt>
File: Ellipse.png Graphic file (type png)

<use Ellipse.png>
Package pdftex.def Info: Ellipse.png used on input line 351.
(pdftex.def)             Requested size: 199.16928pt x 149.3741pt.
 <Escape.png, id=516, 578.16pt x 433.62pt>
File: Escape.png Graphic file (type png)
 <use Escape.png>
Package pdftex.def Info: Escape.png used on input line 358.
(pdftex.def)             Requested size: 199.16928pt x 149.3741pt.

<EEllipse.png, id=517, 578.16pt x 433.62pt>
File: EEllipse.png Graphic file (type png)
 <use EEllipse.png>
Package pdftex.def Info: EEllipse.png used on input line 365.
(pdftex.def)             Requested size: 199.16928pt x 149.3741pt.

<EEscape.png, id=518, 578.16pt x 433.62pt>
File: EEscape.png Graphic file (type png)
 <use EEscape.png>
Package pdftex.def Info: EEscape.png used on input line 372.
(pdftex.def)             Requested size: 199.16928pt x 149.3741pt.
 [15 <./E200.png> <./E500.png> <./EE3.png>] <EJ.png, id=528, 578.16pt x 433.62p
t>
File: EJ.png Graphic file (type png)
 <use EJ.png>
Package pdftex.def Info: EJ.png used on input line 388.
(pdftex.def)             Requested size: 199.16928pt x 149.3741pt.

<EJ_10V.png, id=529, 578.16pt x 433.62pt>
File: EJ_10V.png Graphic file (type png)
 <use EJ_10V.png>
Package pdftex.def Info: EJ_10V.png used on input line 395.
(pdftex.def)             Requested size: 199.16928pt x 149.3741pt.

<EJ_E3V.png, id=530, 578.16pt x 433.62pt>
File: EJ_E3V.png Graphic file (type png)
 <use EJ_E3V.png>
Package pdftex.def Info: EJ_E3V.png used on input line 402.
(pdftex.def)             Requested size: 199.16928pt x 149.3741pt.
 [16 <./Ellipse.png> <./Escape.png> <./EEllipse.png> <./EEscape.png>]
<Energy_EJ.png, id=540, 578.16pt x 433.62pt>
File: Energy_EJ.png Graphic file (type png)
 <use Energy_EJ.png>
Package pdftex.def Info: Energy_EJ.png used on input line 419.
(pdftex.def)             Requested size: 199.16928pt x 149.3741pt.

<Energy_EJ10.png, id=541, 578.16pt x 433.62pt>
File: Energy_EJ10.png Graphic file (type png)
 <use Energy_EJ10.png>
Package pdftex.def Info: Energy_EJ10.png used on input line 426.
(pdftex.def)             Requested size: 199.16928pt x 149.3741pt.

<EJ_EnergyE3.png, id=542, 578.16pt x 433.62pt>
File: EJ_EnergyE3.png Graphic file (type png)
 <use EJ_EnergyE3.png>
Package pdftex.def Info: EJ_EnergyE3.png used on input line 433.
(pdftex.def)             Requested size: 199.16928pt x 149.3741pt.
 [17 <./EJ.png> <./EJ_10V.png> <./EJ_E3V.png>] <Solar.png, id=551, 578.16pt x 4
33.62pt>
File: Solar.png Graphic file (type png)

<use Solar.png>
Package pdftex.def Info: Solar.png used on input line 451.
(pdftex.def)             Requested size: 199.16928pt x 149.3741pt.
 <Solar_inner.png, id=552, 578.16pt x 433.62pt>
File: Solar_inner.png Graphic file (type png)

<use Solar_inner.png>
Package pdftex.def Info: Solar_inner.png used on input line 458.
(pdftex.def)             Requested size: 199.16928pt x 149.3741pt.
 <Solar_outer.png, id=553, 578.16pt x 433.62pt>
File: Solar_outer.png Graphic file (type png)

<use Solar_outer.png>
Package pdftex.def Info: Solar_outer.png used on input line 465.
(pdftex.def)             Requested size: 199.16928pt x 149.3741pt.
 [18 <./Energy_EJ.png> <./Energy_EJ10.png> <./EJ_EnergyE3.png>]
Underfull \hbox (badness 10000) in paragraph at lines 484--486
\T1/cmr/m/n/10.95 [1] M. Hjorth-Jensen. Com-pu-ta-tional Physics, Lec-ture Note
s Spring 2016.
 []

[19 <./Solar.png> <./Solar_inner.png> <./Solar_outer.png>]
(/home/quetzalcoatl/Computational_Physics_work/Project3/Code/planet.h)
(/home/quetzalcoatl/Computational_Physics_work/Project3/Code/planet.cpp
[20] [21] [22] [23])
(/home/quetzalcoatl/Computational_Physics_work/Project3/Code/solver.h [24])
(/home/quetzalcoatl/Computational_Physics_work/Project3/Code/solver.cpp
[25] [26] [27] [28] [29] [30] [31] [32] [33] [34])
(/home/quetzalcoatl/Computational_Physics_work/Project3/Code/Project3.cpp
[35] [36])
Package atveryend Info: Empty hook `BeforeClearDocument' on input line 494.
 [37]
Package atveryend Info: Empty hook `AfterLastShipout' on input line 494.
 (./Project3.aux)
Package atveryend Info: Executing hook `AtVeryEndDocument' on input line 494.
Package atveryend Info: Executing hook `AtEndAfterFileList' on input line 494.
Package rerunfilecheck Info: File `Project3.out' has not changed.
(rerunfilecheck)             Checksum: F8FC3F616609781125495E1C672C9C08;839.


LaTeX Warning: There were multiply-defined labels.

Package atveryend Info: Empty hook `AtVeryVeryEnd' on input line 494.
 ) 
Here is how much of TeX's memory you used:
 11065 strings out of 493304
 161004 string characters out of 6139871
 631550 words of memory out of 5000000
 12949 multiletter control sequences out of 15000+600000
 22931 words of font info for 69 fonts, out of 8000000 for 9000
 957 hyphenation exceptions out of 8191
 42i,17n,61p,1144b,1862s stack positions out of 5000i,500n,10000p,200000b,80000s
{/usr/share/texmf/fonts/enc/dvips/cm-super/cm-super-t1.enc}</usr/share/texliv
e/texmf-dist/fonts/type1/public/amsfonts/cm/cmbx10.pfb></usr/share/texlive/texm
f-dist/fonts/type1/public/amsfonts/cm/cmex10.pfb></usr/share/texlive/texmf-dist
/fonts/type1/public/amsfonts/cm/cmmi10.pfb></usr/share/texlive/texmf-dist/fonts
/type1/public/amsfonts/cm/cmmi6.pfb></usr/share/texlive/texmf-dist/fonts/type1/
public/amsfonts/cm/cmmi8.pfb></usr/share/texlive/texmf-dist/fonts/type1/public/
amsfonts/cm/cmr10.pfb></usr/share/texlive/texmf-dist/fonts/type1/public/amsfont
s/cm/cmr6.pfb></usr/share/texlive/texmf-dist/fonts/type1/public/amsfonts/cm/cmr
7.pfb></usr/share/texlive/texmf-dist/fonts/type1/public/amsfonts/cm/cmr8.pfb></
usr/share/texlive/texmf-dist/fonts/type1/public/amsfonts/cm/cmsy10.pfb></usr/sh
are/texlive/texmf-dist/fonts/type1/public/amsfonts/cm/cmsy8.pfb></usr/share/tex
live/texmf-dist/fonts/type1/public/amsfonts/cm/cmsy9.pfb></usr/share/texmf/font
s/type1/public/cm-super/sfbx1000.pfb></usr/share/texmf/fonts/type1/public/cm-su
per/sfbx1200.pfb></usr/share/texmf/fonts/type1/public/cm-super/sfbx1440.pfb></u
sr/share/texmf/fonts/type1/public/cm-super/sfrm0600.pfb></usr/share/texmf/fonts
/type1/public/cm-super/sfrm0900.pfb></usr/share/texmf/fonts/type1/public/cm-sup
er/sfrm1000.pfb></usr/share/texmf/fonts/type1/public/cm-super/sfrm1095.pfb></us
r/share/texmf/fonts/type1/public/cm-super/sfrm1200.pfb></usr/share/texmf/fonts/
type1/public/cm-super/sfrm1728.pfb>
Output written on Project3.pdf (37 pages, 1329121 bytes).
PDF statistics:
 1982 PDF objects out of 2073 (max. 8388607)
 1862 compressed objects within 19 object streams
 1384 named destinations out of 1440 (max. 500000)
 226 words of extra memory for PDF output out of 10000 (max. 10000000)

